[20-Jul-2024 03:07:40 UTC] PHP Warning:  Undefined array key "error_log" in /var/www/html/wp/wp-content/plugins/ai-text-to-speech/inc/options.php on line 33
[20-Jul-2024 03:07:41 UTC] PHP Warning:  Undefined array key "error_log" in /var/www/html/wp/wp-content/plugins/ai-text-to-speech/inc/options.php on line 33
[20-Jul-2024 03:07:42 UTC] PHP Warning:  Undefined array key "error_log" in /var/www/html/wp/wp-content/plugins/ai-text-to-speech/inc/options.php on line 33
[20-Jul-2024 03:07:49 UTC] PHP Warning:  Undefined array key "error_log" in /var/www/html/wp/wp-content/plugins/ai-text-to-speech/inc/options.php on line 33
[20-Jul-2024 03:09:49 UTC] PHP Warning:  Undefined array key "error_log" in /var/www/html/wp/wp-content/plugins/ai-text-to-speech/inc/options.php on line 33
[20-Jul-2024 03:14:05 UTC] Automatic updates starting...
[20-Jul-2024 03:14:05 UTC] Automatic updates complete.
[20-Jul-2024 03:14:41 UTC] PHP Notice:  Function add_submenu_page was called <strong>incorrectly</strong>. The seventh parameter passed to <code>add_submenu_page()</code> should be numeric representing menu position. Please see <a href="https://developer.wordpress.org/advanced-administration/debug/debug-wordpress/">Debugging in WordPress</a> for more information. (This message was added in version 5.3.0.) in /var/www/html/wp/wp-includes/functions.php on line 6085
[20-Jul-2024 03:14:44 UTC] PHP Notice:  Function add_submenu_page was called <strong>incorrectly</strong>. The seventh parameter passed to <code>add_submenu_page()</code> should be numeric representing menu position. Please see <a href="https://developer.wordpress.org/advanced-administration/debug/debug-wordpress/">Debugging in WordPress</a> for more information. (This message was added in version 5.3.0.) in /var/www/html/wp/wp-includes/functions.php on line 6085
[20-Jul-2024 03:14:45 UTC] PHP Notice:  Function add_submenu_page was called <strong>incorrectly</strong>. The seventh parameter passed to <code>add_submenu_page()</code> should be numeric representing menu position. Please see <a href="https://developer.wordpress.org/advanced-administration/debug/debug-wordpress/">Debugging in WordPress</a> for more information. (This message was added in version 5.3.0.) in /var/www/html/wp/wp-includes/functions.php on line 6085
[20-Jul-2024 03:14:45 UTC] PHP Deprecated:  preg_replace(): Passing null to parameter #3 ($subject) of type array|string is deprecated in /var/www/html/wp/wp-includes/kses.php on line 1805
[20-Jul-2024 03:14:45 UTC] PHP Deprecated:  preg_replace(): Passing null to parameter #3 ($subject) of type array|string is deprecated in /var/www/html/wp/wp-includes/kses.php on line 1805
[20-Jul-2024 03:14:45 UTC] PHP Deprecated:  preg_replace(): Passing null to parameter #3 ($subject) of type array|string is deprecated in /var/www/html/wp/wp-includes/kses.php on line 1805
[20-Jul-2024 03:14:45 UTC] PHP Deprecated:  preg_replace(): Passing null to parameter #3 ($subject) of type array|string is deprecated in /var/www/html/wp/wp-includes/kses.php on line 1805
[20-Jul-2024 03:14:45 UTC] PHP Deprecated:  preg_replace(): Passing null to parameter #3 ($subject) of type array|string is deprecated in /var/www/html/wp/wp-includes/kses.php on line 1805
[20-Jul-2024 03:14:45 UTC] PHP Deprecated:  preg_replace(): Passing null to parameter #3 ($subject) of type array|string is deprecated in /var/www/html/wp/wp-includes/kses.php on line 1805
[20-Jul-2024 03:14:45 UTC] PHP Deprecated:  preg_replace(): Passing null to parameter #3 ($subject) of type array|string is deprecated in /var/www/html/wp/wp-includes/kses.php on line 1805
[20-Jul-2024 03:14:45 UTC] PHP Deprecated:  preg_replace(): Passing null to parameter #3 ($subject) of type array|string is deprecated in /var/www/html/wp/wp-includes/kses.php on line 1805
[20-Jul-2024 03:14:45 UTC] PHP Deprecated:  preg_replace(): Passing null to parameter #3 ($subject) of type array|string is deprecated in /var/www/html/wp/wp-includes/kses.php on line 1805
[20-Jul-2024 03:14:45 UTC] PHP Deprecated:  preg_replace(): Passing null to parameter #3 ($subject) of type array|string is deprecated in /var/www/html/wp/wp-includes/kses.php on line 1805
[20-Jul-2024 03:14:45 UTC] PHP Deprecated:  preg_replace(): Passing null to parameter #3 ($subject) of type array|string is deprecated in /var/www/html/wp/wp-includes/kses.php on line 1805
[20-Jul-2024 03:14:45 UTC] PHP Deprecated:  preg_replace(): Passing null to parameter #3 ($subject) of type array|string is deprecated in /var/www/html/wp/wp-includes/kses.php on line 1805
[20-Jul-2024 03:15:56 UTC] PHP Notice:  Function add_submenu_page was called <strong>incorrectly</strong>. The seventh parameter passed to <code>add_submenu_page()</code> should be numeric representing menu position. Please see <a href="https://developer.wordpress.org/advanced-administration/debug/debug-wordpress/">Debugging in WordPress</a> for more information. (This message was added in version 5.3.0.) in /var/www/html/wp/wp-includes/functions.php on line 6085
[20-Jul-2024 03:15:56 UTC] PHP Deprecated:  preg_replace(): Passing null to parameter #3 ($subject) of type array|string is deprecated in /var/www/html/wp/wp-includes/kses.php on line 1805
[20-Jul-2024 03:15:56 UTC] PHP Deprecated:  preg_replace(): Passing null to parameter #3 ($subject) of type array|string is deprecated in /var/www/html/wp/wp-includes/kses.php on line 1805
[20-Jul-2024 03:15:56 UTC] PHP Deprecated:  preg_replace(): Passing null to parameter #3 ($subject) of type array|string is deprecated in /var/www/html/wp/wp-includes/kses.php on line 1805
[20-Jul-2024 03:15:56 UTC] PHP Deprecated:  preg_replace(): Passing null to parameter #3 ($subject) of type array|string is deprecated in /var/www/html/wp/wp-includes/kses.php on line 1805
[20-Jul-2024 03:15:56 UTC] PHP Deprecated:  preg_replace(): Passing null to parameter #3 ($subject) of type array|string is deprecated in /var/www/html/wp/wp-includes/kses.php on line 1805
[20-Jul-2024 03:15:56 UTC] PHP Deprecated:  preg_replace(): Passing null to parameter #3 ($subject) of type array|string is deprecated in /var/www/html/wp/wp-includes/kses.php on line 1805
[20-Jul-2024 03:15:56 UTC] PHP Deprecated:  preg_replace(): Passing null to parameter #3 ($subject) of type array|string is deprecated in /var/www/html/wp/wp-includes/kses.php on line 1805
[20-Jul-2024 03:15:56 UTC] PHP Deprecated:  preg_replace(): Passing null to parameter #3 ($subject) of type array|string is deprecated in /var/www/html/wp/wp-includes/kses.php on line 1805
[20-Jul-2024 03:15:56 UTC] PHP Deprecated:  preg_replace(): Passing null to parameter #3 ($subject) of type array|string is deprecated in /var/www/html/wp/wp-includes/kses.php on line 1805
[20-Jul-2024 03:15:56 UTC] PHP Deprecated:  preg_replace(): Passing null to parameter #3 ($subject) of type array|string is deprecated in /var/www/html/wp/wp-includes/kses.php on line 1805
[20-Jul-2024 03:15:56 UTC] PHP Deprecated:  preg_replace(): Passing null to parameter #3 ($subject) of type array|string is deprecated in /var/www/html/wp/wp-includes/kses.php on line 1805
[20-Jul-2024 03:15:56 UTC] PHP Deprecated:  preg_replace(): Passing null to parameter #3 ($subject) of type array|string is deprecated in /var/www/html/wp/wp-includes/kses.php on line 1805
[20-Jul-2024 03:16:05 UTC] PHP Notice:  Function add_submenu_page was called <strong>incorrectly</strong>. The seventh parameter passed to <code>add_submenu_page()</code> should be numeric representing menu position. Please see <a href="https://developer.wordpress.org/advanced-administration/debug/debug-wordpress/">Debugging in WordPress</a> for more information. (This message was added in version 5.3.0.) in /var/www/html/wp/wp-includes/functions.php on line 6085
[20-Jul-2024 03:16:05 UTC] PHP Deprecated:  preg_replace(): Passing null to parameter #3 ($subject) of type array|string is deprecated in /var/www/html/wp/wp-includes/kses.php on line 1805
[20-Jul-2024 03:16:05 UTC] PHP Deprecated:  preg_replace(): Passing null to parameter #3 ($subject) of type array|string is deprecated in /var/www/html/wp/wp-includes/kses.php on line 1805
[20-Jul-2024 03:16:05 UTC] PHP Deprecated:  preg_replace(): Passing null to parameter #3 ($subject) of type array|string is deprecated in /var/www/html/wp/wp-includes/kses.php on line 1805
[20-Jul-2024 03:16:05 UTC] PHP Deprecated:  preg_replace(): Passing null to parameter #3 ($subject) of type array|string is deprecated in /var/www/html/wp/wp-includes/kses.php on line 1805
[20-Jul-2024 03:16:05 UTC] PHP Deprecated:  preg_replace(): Passing null to parameter #3 ($subject) of type array|string is deprecated in /var/www/html/wp/wp-includes/kses.php on line 1805
[20-Jul-2024 03:16:05 UTC] PHP Deprecated:  preg_replace(): Passing null to parameter #3 ($subject) of type array|string is deprecated in /var/www/html/wp/wp-includes/kses.php on line 1805
[20-Jul-2024 03:16:05 UTC] PHP Deprecated:  preg_replace(): Passing null to parameter #3 ($subject) of type array|string is deprecated in /var/www/html/wp/wp-includes/kses.php on line 1805
[20-Jul-2024 03:16:05 UTC] PHP Deprecated:  preg_replace(): Passing null to parameter #3 ($subject) of type array|string is deprecated in /var/www/html/wp/wp-includes/kses.php on line 1805
[20-Jul-2024 03:16:05 UTC] PHP Deprecated:  preg_replace(): Passing null to parameter #3 ($subject) of type array|string is deprecated in /var/www/html/wp/wp-includes/kses.php on line 1805
[20-Jul-2024 03:16:05 UTC] PHP Deprecated:  preg_replace(): Passing null to parameter #3 ($subject) of type array|string is deprecated in /var/www/html/wp/wp-includes/kses.php on line 1805
[20-Jul-2024 03:16:05 UTC] PHP Deprecated:  preg_replace(): Passing null to parameter #3 ($subject) of type array|string is deprecated in /var/www/html/wp/wp-includes/kses.php on line 1805
[20-Jul-2024 03:16:05 UTC] PHP Deprecated:  preg_replace(): Passing null to parameter #3 ($subject) of type array|string is deprecated in /var/www/html/wp/wp-includes/kses.php on line 1805
[20-Jul-2024 03:16:07 UTC] PHP Notice:  Function add_submenu_page was called <strong>incorrectly</strong>. The seventh parameter passed to <code>add_submenu_page()</code> should be numeric representing menu position. Please see <a href="https://developer.wordpress.org/advanced-administration/debug/debug-wordpress/">Debugging in WordPress</a> for more information. (This message was added in version 5.3.0.) in /var/www/html/wp/wp-includes/functions.php on line 6085
[20-Jul-2024 03:16:09 UTC] PHP Notice:  Function add_submenu_page was called <strong>incorrectly</strong>. The seventh parameter passed to <code>add_submenu_page()</code> should be numeric representing menu position. Please see <a href="https://developer.wordpress.org/advanced-administration/debug/debug-wordpress/">Debugging in WordPress</a> for more information. (This message was added in version 5.3.0.) in /var/www/html/wp/wp-includes/functions.php on line 6085
[20-Jul-2024 03:16:09 UTC] PHP Deprecated:  preg_replace(): Passing null to parameter #3 ($subject) of type array|string is deprecated in /var/www/html/wp/wp-includes/kses.php on line 1805
[20-Jul-2024 03:16:09 UTC] PHP Deprecated:  preg_replace(): Passing null to parameter #3 ($subject) of type array|string is deprecated in /var/www/html/wp/wp-includes/kses.php on line 1805
[20-Jul-2024 03:16:09 UTC] PHP Deprecated:  preg_replace(): Passing null to parameter #3 ($subject) of type array|string is deprecated in /var/www/html/wp/wp-includes/kses.php on line 1805
[20-Jul-2024 03:16:09 UTC] PHP Deprecated:  preg_replace(): Passing null to parameter #3 ($subject) of type array|string is deprecated in /var/www/html/wp/wp-includes/kses.php on line 1805
[20-Jul-2024 03:16:09 UTC] PHP Deprecated:  preg_replace(): Passing null to parameter #3 ($subject) of type array|string is deprecated in /var/www/html/wp/wp-includes/kses.php on line 1805
[20-Jul-2024 03:16:09 UTC] PHP Deprecated:  preg_replace(): Passing null to parameter #3 ($subject) of type array|string is deprecated in /var/www/html/wp/wp-includes/kses.php on line 1805
[20-Jul-2024 03:16:09 UTC] PHP Deprecated:  preg_replace(): Passing null to parameter #3 ($subject) of type array|string is deprecated in /var/www/html/wp/wp-includes/kses.php on line 1805
[20-Jul-2024 03:16:09 UTC] PHP Deprecated:  preg_replace(): Passing null to parameter #3 ($subject) of type array|string is deprecated in /var/www/html/wp/wp-includes/kses.php on line 1805
[20-Jul-2024 03:16:09 UTC] PHP Deprecated:  preg_replace(): Passing null to parameter #3 ($subject) of type array|string is deprecated in /var/www/html/wp/wp-includes/kses.php on line 1805
[20-Jul-2024 03:16:09 UTC] PHP Deprecated:  preg_replace(): Passing null to parameter #3 ($subject) of type array|string is deprecated in /var/www/html/wp/wp-includes/kses.php on line 1805
[20-Jul-2024 03:16:09 UTC] PHP Deprecated:  preg_replace(): Passing null to parameter #3 ($subject) of type array|string is deprecated in /var/www/html/wp/wp-includes/kses.php on line 1805
[20-Jul-2024 03:16:09 UTC] PHP Deprecated:  preg_replace(): Passing null to parameter #3 ($subject) of type array|string is deprecated in /var/www/html/wp/wp-includes/kses.php on line 1805
[20-Jul-2024 03:16:28 UTC] PHP Notice:  Function add_submenu_page was called <strong>incorrectly</strong>. The seventh parameter passed to <code>add_submenu_page()</code> should be numeric representing menu position. Please see <a href="https://developer.wordpress.org/advanced-administration/debug/debug-wordpress/">Debugging in WordPress</a> for more information. (This message was added in version 5.3.0.) in /var/www/html/wp/wp-includes/functions.php on line 6085
[20-Jul-2024 03:16:31 UTC] PHP Notice:  Function add_submenu_page was called <strong>incorrectly</strong>. The seventh parameter passed to <code>add_submenu_page()</code> should be numeric representing menu position. Please see <a href="https://developer.wordpress.org/advanced-administration/debug/debug-wordpress/">Debugging in WordPress</a> for more information. (This message was added in version 5.3.0.) in /var/www/html/wp/wp-includes/functions.php on line 6085
[20-Jul-2024 03:16:38 UTC] PHP Notice:  Function add_submenu_page was called <strong>incorrectly</strong>. The seventh parameter passed to <code>add_submenu_page()</code> should be numeric representing menu position. Please see <a href="https://developer.wordpress.org/advanced-administration/debug/debug-wordpress/">Debugging in WordPress</a> for more information. (This message was added in version 5.3.0.) in /var/www/html/wp/wp-includes/functions.php on line 6085
[20-Jul-2024 03:16:40 UTC] PHP Notice:  Function add_submenu_page was called <strong>incorrectly</strong>. The seventh parameter passed to <code>add_submenu_page()</code> should be numeric representing menu position. Please see <a href="https://developer.wordpress.org/advanced-administration/debug/debug-wordpress/">Debugging in WordPress</a> for more information. (This message was added in version 5.3.0.) in /var/www/html/wp/wp-includes/functions.php on line 6085
[20-Jul-2024 03:16:54 UTC] PHP Notice:  Function add_submenu_page was called <strong>incorrectly</strong>. The seventh parameter passed to <code>add_submenu_page()</code> should be numeric representing menu position. Please see <a href="https://developer.wordpress.org/advanced-administration/debug/debug-wordpress/">Debugging in WordPress</a> for more information. (This message was added in version 5.3.0.) in /var/www/html/wp/wp-includes/functions.php on line 6085
[20-Jul-2024 03:16:55 UTC] PHP Notice:  Function add_submenu_page was called <strong>incorrectly</strong>. The seventh parameter passed to <code>add_submenu_page()</code> should be numeric representing menu position. Please see <a href="https://developer.wordpress.org/advanced-administration/debug/debug-wordpress/">Debugging in WordPress</a> for more information. (This message was added in version 5.3.0.) in /var/www/html/wp/wp-includes/functions.php on line 6085
[20-Jul-2024 03:16:56 UTC] PHP Notice:  Function add_submenu_page was called <strong>incorrectly</strong>. The seventh parameter passed to <code>add_submenu_page()</code> should be numeric representing menu position. Please see <a href="https://developer.wordpress.org/advanced-administration/debug/debug-wordpress/">Debugging in WordPress</a> for more information. (This message was added in version 5.3.0.) in /var/www/html/wp/wp-includes/functions.php on line 6085
[20-Jul-2024 03:16:56 UTC] PHP Deprecated:  preg_replace(): Passing null to parameter #3 ($subject) of type array|string is deprecated in /var/www/html/wp/wp-includes/kses.php on line 1805
[20-Jul-2024 03:16:56 UTC] PHP Deprecated:  preg_replace(): Passing null to parameter #3 ($subject) of type array|string is deprecated in /var/www/html/wp/wp-includes/kses.php on line 1805
[20-Jul-2024 03:16:56 UTC] PHP Deprecated:  preg_replace(): Passing null to parameter #3 ($subject) of type array|string is deprecated in /var/www/html/wp/wp-includes/kses.php on line 1805
[20-Jul-2024 03:16:56 UTC] PHP Deprecated:  preg_replace(): Passing null to parameter #3 ($subject) of type array|string is deprecated in /var/www/html/wp/wp-includes/kses.php on line 1805
[20-Jul-2024 03:16:56 UTC] PHP Deprecated:  preg_replace(): Passing null to parameter #3 ($subject) of type array|string is deprecated in /var/www/html/wp/wp-includes/kses.php on line 1805
[20-Jul-2024 03:16:56 UTC] PHP Deprecated:  preg_replace(): Passing null to parameter #3 ($subject) of type array|string is deprecated in /var/www/html/wp/wp-includes/kses.php on line 1805
[20-Jul-2024 03:16:56 UTC] PHP Deprecated:  preg_replace(): Passing null to parameter #3 ($subject) of type array|string is deprecated in /var/www/html/wp/wp-includes/kses.php on line 1805
[20-Jul-2024 03:16:56 UTC] PHP Deprecated:  preg_replace(): Passing null to parameter #3 ($subject) of type array|string is deprecated in /var/www/html/wp/wp-includes/kses.php on line 1805
[20-Jul-2024 03:16:56 UTC] PHP Deprecated:  preg_replace(): Passing null to parameter #3 ($subject) of type array|string is deprecated in /var/www/html/wp/wp-includes/kses.php on line 1805
[20-Jul-2024 03:16:56 UTC] PHP Deprecated:  preg_replace(): Passing null to parameter #3 ($subject) of type array|string is deprecated in /var/www/html/wp/wp-includes/kses.php on line 1805
[20-Jul-2024 03:16:56 UTC] PHP Deprecated:  preg_replace(): Passing null to parameter #3 ($subject) of type array|string is deprecated in /var/www/html/wp/wp-includes/kses.php on line 1805
[20-Jul-2024 03:16:56 UTC] PHP Deprecated:  preg_replace(): Passing null to parameter #3 ($subject) of type array|string is deprecated in /var/www/html/wp/wp-includes/kses.php on line 1805
[20-Jul-2024 03:17:21 UTC] PHP Notice:  Function add_submenu_page was called <strong>incorrectly</strong>. The seventh parameter passed to <code>add_submenu_page()</code> should be numeric representing menu position. Please see <a href="https://developer.wordpress.org/advanced-administration/debug/debug-wordpress/">Debugging in WordPress</a> for more information. (This message was added in version 5.3.0.) in /var/www/html/wp/wp-includes/functions.php on line 6085
[20-Jul-2024 03:17:21 UTC] PHP Deprecated:  preg_replace(): Passing null to parameter #3 ($subject) of type array|string is deprecated in /var/www/html/wp/wp-includes/kses.php on line 1805
[20-Jul-2024 03:17:21 UTC] PHP Deprecated:  preg_replace(): Passing null to parameter #3 ($subject) of type array|string is deprecated in /var/www/html/wp/wp-includes/kses.php on line 1805
[20-Jul-2024 03:17:21 UTC] PHP Deprecated:  preg_replace(): Passing null to parameter #3 ($subject) of type array|string is deprecated in /var/www/html/wp/wp-includes/kses.php on line 1805
[20-Jul-2024 03:17:21 UTC] PHP Deprecated:  preg_replace(): Passing null to parameter #3 ($subject) of type array|string is deprecated in /var/www/html/wp/wp-includes/kses.php on line 1805
[20-Jul-2024 03:17:21 UTC] PHP Deprecated:  preg_replace(): Passing null to parameter #3 ($subject) of type array|string is deprecated in /var/www/html/wp/wp-includes/kses.php on line 1805
[20-Jul-2024 03:17:21 UTC] PHP Deprecated:  preg_replace(): Passing null to parameter #3 ($subject) of type array|string is deprecated in /var/www/html/wp/wp-includes/kses.php on line 1805
[20-Jul-2024 03:17:21 UTC] PHP Deprecated:  preg_replace(): Passing null to parameter #3 ($subject) of type array|string is deprecated in /var/www/html/wp/wp-includes/kses.php on line 1805
[20-Jul-2024 03:17:21 UTC] PHP Deprecated:  preg_replace(): Passing null to parameter #3 ($subject) of type array|string is deprecated in /var/www/html/wp/wp-includes/kses.php on line 1805
[20-Jul-2024 03:17:21 UTC] PHP Deprecated:  preg_replace(): Passing null to parameter #3 ($subject) of type array|string is deprecated in /var/www/html/wp/wp-includes/kses.php on line 1805
[20-Jul-2024 03:17:21 UTC] PHP Deprecated:  preg_replace(): Passing null to parameter #3 ($subject) of type array|string is deprecated in /var/www/html/wp/wp-includes/kses.php on line 1805
[20-Jul-2024 03:17:21 UTC] PHP Deprecated:  preg_replace(): Passing null to parameter #3 ($subject) of type array|string is deprecated in /var/www/html/wp/wp-includes/kses.php on line 1805
[20-Jul-2024 03:17:21 UTC] PHP Deprecated:  preg_replace(): Passing null to parameter #3 ($subject) of type array|string is deprecated in /var/www/html/wp/wp-includes/kses.php on line 1805
[20-Jul-2024 03:17:50 UTC] PHP Notice:  Function add_submenu_page was called <strong>incorrectly</strong>. The seventh parameter passed to <code>add_submenu_page()</code> should be numeric representing menu position. Please see <a href="https://developer.wordpress.org/advanced-administration/debug/debug-wordpress/">Debugging in WordPress</a> for more information. (This message was added in version 5.3.0.) in /var/www/html/wp/wp-includes/functions.php on line 6085
[20-Jul-2024 03:17:51 UTC] PHP Notice:  Function add_submenu_page was called <strong>incorrectly</strong>. The seventh parameter passed to <code>add_submenu_page()</code> should be numeric representing menu position. Please see <a href="https://developer.wordpress.org/advanced-administration/debug/debug-wordpress/">Debugging in WordPress</a> for more information. (This message was added in version 5.3.0.) in /var/www/html/wp/wp-includes/functions.php on line 6085
[20-Jul-2024 03:20:32 UTC] PHP Notice:  Function add_submenu_page was called <strong>incorrectly</strong>. The seventh parameter passed to <code>add_submenu_page()</code> should be numeric representing menu position. Please see <a href="https://developer.wordpress.org/advanced-administration/debug/debug-wordpress/">Debugging in WordPress</a> for more information. (This message was added in version 5.3.0.) in /var/www/html/wp/wp-includes/functions.php on line 6085
[20-Jul-2024 03:20:32 UTC] PHP Notice:  Function add_submenu_page was called <strong>incorrectly</strong>. The seventh parameter passed to <code>add_submenu_page()</code> should be numeric representing menu position. Please see <a href="https://developer.wordpress.org/advanced-administration/debug/debug-wordpress/">Debugging in WordPress</a> for more information. (This message was added in version 5.3.0.) in /var/www/html/wp/wp-includes/functions.php on line 6085
[20-Jul-2024 03:20:32 UTC] PHP Deprecated:  preg_replace(): Passing null to parameter #3 ($subject) of type array|string is deprecated in /var/www/html/wp/wp-includes/kses.php on line 1805
[20-Jul-2024 03:20:32 UTC] PHP Deprecated:  preg_replace(): Passing null to parameter #3 ($subject) of type array|string is deprecated in /var/www/html/wp/wp-includes/kses.php on line 1805
[20-Jul-2024 03:20:32 UTC] PHP Deprecated:  preg_replace(): Passing null to parameter #3 ($subject) of type array|string is deprecated in /var/www/html/wp/wp-includes/kses.php on line 1805
[20-Jul-2024 03:20:32 UTC] PHP Deprecated:  preg_replace(): Passing null to parameter #3 ($subject) of type array|string is deprecated in /var/www/html/wp/wp-includes/kses.php on line 1805
[20-Jul-2024 03:20:32 UTC] PHP Deprecated:  preg_replace(): Passing null to parameter #3 ($subject) of type array|string is deprecated in /var/www/html/wp/wp-includes/kses.php on line 1805
[20-Jul-2024 03:20:32 UTC] PHP Deprecated:  preg_replace(): Passing null to parameter #3 ($subject) of type array|string is deprecated in /var/www/html/wp/wp-includes/kses.php on line 1805
[20-Jul-2024 03:20:32 UTC] PHP Deprecated:  preg_replace(): Passing null to parameter #3 ($subject) of type array|string is deprecated in /var/www/html/wp/wp-includes/kses.php on line 1805
[20-Jul-2024 03:20:32 UTC] PHP Deprecated:  preg_replace(): Passing null to parameter #3 ($subject) of type array|string is deprecated in /var/www/html/wp/wp-includes/kses.php on line 1805
[20-Jul-2024 03:20:32 UTC] PHP Deprecated:  preg_replace(): Passing null to parameter #3 ($subject) of type array|string is deprecated in /var/www/html/wp/wp-includes/kses.php on line 1805
[20-Jul-2024 03:20:32 UTC] PHP Deprecated:  preg_replace(): Passing null to parameter #3 ($subject) of type array|string is deprecated in /var/www/html/wp/wp-includes/kses.php on line 1805
[20-Jul-2024 03:20:32 UTC] PHP Deprecated:  preg_replace(): Passing null to parameter #3 ($subject) of type array|string is deprecated in /var/www/html/wp/wp-includes/kses.php on line 1805
[20-Jul-2024 03:20:32 UTC] PHP Deprecated:  preg_replace(): Passing null to parameter #3 ($subject) of type array|string is deprecated in /var/www/html/wp/wp-includes/kses.php on line 1805
[20-Jul-2024 03:21:17 UTC] PHP Notice:  Function add_submenu_page was called <strong>incorrectly</strong>. The seventh parameter passed to <code>add_submenu_page()</code> should be numeric representing menu position. Please see <a href="https://developer.wordpress.org/advanced-administration/debug/debug-wordpress/">Debugging in WordPress</a> for more information. (This message was added in version 5.3.0.) in /var/www/html/wp/wp-includes/functions.php on line 6085
[20-Jul-2024 03:21:17 UTC] PHP Notice:  Function add_submenu_page was called <strong>incorrectly</strong>. The seventh parameter passed to <code>add_submenu_page()</code> should be numeric representing menu position. Please see <a href="https://developer.wordpress.org/advanced-administration/debug/debug-wordpress/">Debugging in WordPress</a> for more information. (This message was added in version 5.3.0.) in /var/www/html/wp/wp-includes/functions.php on line 6085
[20-Jul-2024 03:21:17 UTC] PHP Deprecated:  preg_replace(): Passing null to parameter #3 ($subject) of type array|string is deprecated in /var/www/html/wp/wp-includes/kses.php on line 1805
[20-Jul-2024 03:21:17 UTC] PHP Deprecated:  preg_replace(): Passing null to parameter #3 ($subject) of type array|string is deprecated in /var/www/html/wp/wp-includes/kses.php on line 1805
[20-Jul-2024 03:21:17 UTC] PHP Deprecated:  preg_replace(): Passing null to parameter #3 ($subject) of type array|string is deprecated in /var/www/html/wp/wp-includes/kses.php on line 1805
[20-Jul-2024 03:21:17 UTC] PHP Deprecated:  preg_replace(): Passing null to parameter #3 ($subject) of type array|string is deprecated in /var/www/html/wp/wp-includes/kses.php on line 1805
[20-Jul-2024 03:21:17 UTC] PHP Deprecated:  preg_replace(): Passing null to parameter #3 ($subject) of type array|string is deprecated in /var/www/html/wp/wp-includes/kses.php on line 1805
[20-Jul-2024 03:21:17 UTC] PHP Deprecated:  preg_replace(): Passing null to parameter #3 ($subject) of type array|string is deprecated in /var/www/html/wp/wp-includes/kses.php on line 1805
[20-Jul-2024 03:21:17 UTC] PHP Deprecated:  preg_replace(): Passing null to parameter #3 ($subject) of type array|string is deprecated in /var/www/html/wp/wp-includes/kses.php on line 1805
[20-Jul-2024 03:21:17 UTC] PHP Deprecated:  preg_replace(): Passing null to parameter #3 ($subject) of type array|string is deprecated in /var/www/html/wp/wp-includes/kses.php on line 1805
[20-Jul-2024 03:21:17 UTC] PHP Deprecated:  preg_replace(): Passing null to parameter #3 ($subject) of type array|string is deprecated in /var/www/html/wp/wp-includes/kses.php on line 1805
[20-Jul-2024 03:21:17 UTC] PHP Deprecated:  preg_replace(): Passing null to parameter #3 ($subject) of type array|string is deprecated in /var/www/html/wp/wp-includes/kses.php on line 1805
[20-Jul-2024 03:21:17 UTC] PHP Deprecated:  preg_replace(): Passing null to parameter #3 ($subject) of type array|string is deprecated in /var/www/html/wp/wp-includes/kses.php on line 1805
[20-Jul-2024 03:21:17 UTC] PHP Deprecated:  preg_replace(): Passing null to parameter #3 ($subject) of type array|string is deprecated in /var/www/html/wp/wp-includes/kses.php on line 1805
[20-Jul-2024 03:23:16 UTC] PHP Notice:  Function add_submenu_page was called <strong>incorrectly</strong>. The seventh parameter passed to <code>add_submenu_page()</code> should be numeric representing menu position. Please see <a href="https://developer.wordpress.org/advanced-administration/debug/debug-wordpress/">Debugging in WordPress</a> for more information. (This message was added in version 5.3.0.) in /var/www/html/wp/wp-includes/functions.php on line 6085
[20-Jul-2024 03:23:26 UTC] PHP Notice:  Function add_submenu_page was called <strong>incorrectly</strong>. The seventh parameter passed to <code>add_submenu_page()</code> should be numeric representing menu position. Please see <a href="https://developer.wordpress.org/advanced-administration/debug/debug-wordpress/">Debugging in WordPress</a> for more information. (This message was added in version 5.3.0.) in /var/www/html/wp/wp-includes/functions.php on line 6085
[20-Jul-2024 03:24:21 UTC] PHP Notice:  Function add_submenu_page was called <strong>incorrectly</strong>. The seventh parameter passed to <code>add_submenu_page()</code> should be numeric representing menu position. Please see <a href="https://developer.wordpress.org/advanced-administration/debug/debug-wordpress/">Debugging in WordPress</a> for more information. (This message was added in version 5.3.0.) in /var/www/html/wp/wp-includes/functions.php on line 6085
[20-Jul-2024 03:24:21 UTC] PHP Deprecated:  preg_replace(): Passing null to parameter #3 ($subject) of type array|string is deprecated in /var/www/html/wp/wp-includes/kses.php on line 1805
[20-Jul-2024 03:24:21 UTC] PHP Deprecated:  preg_replace(): Passing null to parameter #3 ($subject) of type array|string is deprecated in /var/www/html/wp/wp-includes/kses.php on line 1805
[20-Jul-2024 03:24:21 UTC] PHP Deprecated:  preg_replace(): Passing null to parameter #3 ($subject) of type array|string is deprecated in /var/www/html/wp/wp-includes/kses.php on line 1805
[20-Jul-2024 03:24:21 UTC] PHP Deprecated:  preg_replace(): Passing null to parameter #3 ($subject) of type array|string is deprecated in /var/www/html/wp/wp-includes/kses.php on line 1805
[20-Jul-2024 03:24:21 UTC] PHP Deprecated:  preg_replace(): Passing null to parameter #3 ($subject) of type array|string is deprecated in /var/www/html/wp/wp-includes/kses.php on line 1805
[20-Jul-2024 03:24:21 UTC] PHP Deprecated:  preg_replace(): Passing null to parameter #3 ($subject) of type array|string is deprecated in /var/www/html/wp/wp-includes/kses.php on line 1805
[20-Jul-2024 03:24:21 UTC] PHP Deprecated:  preg_replace(): Passing null to parameter #3 ($subject) of type array|string is deprecated in /var/www/html/wp/wp-includes/kses.php on line 1805
[20-Jul-2024 03:24:21 UTC] PHP Deprecated:  preg_replace(): Passing null to parameter #3 ($subject) of type array|string is deprecated in /var/www/html/wp/wp-includes/kses.php on line 1805
[20-Jul-2024 03:24:21 UTC] PHP Deprecated:  preg_replace(): Passing null to parameter #3 ($subject) of type array|string is deprecated in /var/www/html/wp/wp-includes/kses.php on line 1805
[20-Jul-2024 03:24:21 UTC] PHP Deprecated:  preg_replace(): Passing null to parameter #3 ($subject) of type array|string is deprecated in /var/www/html/wp/wp-includes/kses.php on line 1805
[20-Jul-2024 03:24:21 UTC] PHP Deprecated:  preg_replace(): Passing null to parameter #3 ($subject) of type array|string is deprecated in /var/www/html/wp/wp-includes/kses.php on line 1805
[20-Jul-2024 03:24:21 UTC] PHP Deprecated:  preg_replace(): Passing null to parameter #3 ($subject) of type array|string is deprecated in /var/www/html/wp/wp-includes/kses.php on line 1805
[20-Jul-2024 03:24:47 UTC] PHP Notice:  Function add_submenu_page was called <strong>incorrectly</strong>. The seventh parameter passed to <code>add_submenu_page()</code> should be numeric representing menu position. Please see <a href="https://developer.wordpress.org/advanced-administration/debug/debug-wordpress/">Debugging in WordPress</a> for more information. (This message was added in version 5.3.0.) in /var/www/html/wp/wp-includes/functions.php on line 6085
[20-Jul-2024 03:24:48 UTC] PHP Notice:  Function add_submenu_page was called <strong>incorrectly</strong>. The seventh parameter passed to <code>add_submenu_page()</code> should be numeric representing menu position. Please see <a href="https://developer.wordpress.org/advanced-administration/debug/debug-wordpress/">Debugging in WordPress</a> for more information. (This message was added in version 5.3.0.) in /var/www/html/wp/wp-includes/functions.php on line 6085
[20-Jul-2024 03:24:48 UTC] PHP Deprecated:  preg_replace(): Passing null to parameter #3 ($subject) of type array|string is deprecated in /var/www/html/wp/wp-includes/kses.php on line 1805
[20-Jul-2024 03:24:48 UTC] PHP Deprecated:  preg_replace(): Passing null to parameter #3 ($subject) of type array|string is deprecated in /var/www/html/wp/wp-includes/kses.php on line 1805
[20-Jul-2024 03:24:48 UTC] PHP Deprecated:  preg_replace(): Passing null to parameter #3 ($subject) of type array|string is deprecated in /var/www/html/wp/wp-includes/kses.php on line 1805
[20-Jul-2024 03:24:48 UTC] PHP Deprecated:  preg_replace(): Passing null to parameter #3 ($subject) of type array|string is deprecated in /var/www/html/wp/wp-includes/kses.php on line 1805
[20-Jul-2024 03:24:48 UTC] PHP Deprecated:  preg_replace(): Passing null to parameter #3 ($subject) of type array|string is deprecated in /var/www/html/wp/wp-includes/kses.php on line 1805
[20-Jul-2024 03:24:48 UTC] PHP Deprecated:  preg_replace(): Passing null to parameter #3 ($subject) of type array|string is deprecated in /var/www/html/wp/wp-includes/kses.php on line 1805
[20-Jul-2024 03:24:48 UTC] PHP Deprecated:  preg_replace(): Passing null to parameter #3 ($subject) of type array|string is deprecated in /var/www/html/wp/wp-includes/kses.php on line 1805
[20-Jul-2024 03:24:48 UTC] PHP Deprecated:  preg_replace(): Passing null to parameter #3 ($subject) of type array|string is deprecated in /var/www/html/wp/wp-includes/kses.php on line 1805
[20-Jul-2024 03:24:48 UTC] PHP Deprecated:  preg_replace(): Passing null to parameter #3 ($subject) of type array|string is deprecated in /var/www/html/wp/wp-includes/kses.php on line 1805
[20-Jul-2024 03:24:48 UTC] PHP Deprecated:  preg_replace(): Passing null to parameter #3 ($subject) of type array|string is deprecated in /var/www/html/wp/wp-includes/kses.php on line 1805
[20-Jul-2024 03:24:48 UTC] PHP Deprecated:  preg_replace(): Passing null to parameter #3 ($subject) of type array|string is deprecated in /var/www/html/wp/wp-includes/kses.php on line 1805
[20-Jul-2024 03:24:48 UTC] PHP Deprecated:  preg_replace(): Passing null to parameter #3 ($subject) of type array|string is deprecated in /var/www/html/wp/wp-includes/kses.php on line 1805
[20-Jul-2024 03:25:29 UTC] PHP Notice:  Function add_submenu_page was called <strong>incorrectly</strong>. The seventh parameter passed to <code>add_submenu_page()</code> should be numeric representing menu position. Please see <a href="https://developer.wordpress.org/advanced-administration/debug/debug-wordpress/">Debugging in WordPress</a> for more information. (This message was added in version 5.3.0.) in /var/www/html/wp/wp-includes/functions.php on line 6085
[20-Jul-2024 03:25:47 UTC] PHP Notice:  Function add_submenu_page was called <strong>incorrectly</strong>. The seventh parameter passed to <code>add_submenu_page()</code> should be numeric representing menu position. Please see <a href="https://developer.wordpress.org/advanced-administration/debug/debug-wordpress/">Debugging in WordPress</a> for more information. (This message was added in version 5.3.0.) in /var/www/html/wp/wp-includes/functions.php on line 6085
[20-Jul-2024 03:25:53 UTC] PHP Notice:  Function add_submenu_page was called <strong>incorrectly</strong>. The seventh parameter passed to <code>add_submenu_page()</code> should be numeric representing menu position. Please see <a href="https://developer.wordpress.org/advanced-administration/debug/debug-wordpress/">Debugging in WordPress</a> for more information. (This message was added in version 5.3.0.) in /var/www/html/wp/wp-includes/functions.php on line 6085
[20-Jul-2024 03:32:47 UTC] PHP Notice:  Function add_submenu_page was called <strong>incorrectly</strong>. The seventh parameter passed to <code>add_submenu_page()</code> should be numeric representing menu position. Please see <a href="https://developer.wordpress.org/advanced-administration/debug/debug-wordpress/">Debugging in WordPress</a> for more information. (This message was added in version 5.3.0.) in /var/www/html/wp/wp-includes/functions.php on line 6085
[20-Jul-2024 03:32:52 UTC] PHP Notice:  Function add_submenu_page was called <strong>incorrectly</strong>. The seventh parameter passed to <code>add_submenu_page()</code> should be numeric representing menu position. Please see <a href="https://developer.wordpress.org/advanced-administration/debug/debug-wordpress/">Debugging in WordPress</a> for more information. (This message was added in version 5.3.0.) in /var/www/html/wp/wp-includes/functions.php on line 6085
[20-Jul-2024 03:32:52 UTC] PHP Deprecated:  preg_replace(): Passing null to parameter #3 ($subject) of type array|string is deprecated in /var/www/html/wp/wp-includes/kses.php on line 1805
[20-Jul-2024 03:32:52 UTC] PHP Deprecated:  preg_replace(): Passing null to parameter #3 ($subject) of type array|string is deprecated in /var/www/html/wp/wp-includes/kses.php on line 1805
[20-Jul-2024 03:32:52 UTC] PHP Deprecated:  preg_replace(): Passing null to parameter #3 ($subject) of type array|string is deprecated in /var/www/html/wp/wp-includes/kses.php on line 1805
[20-Jul-2024 03:32:52 UTC] PHP Deprecated:  preg_replace(): Passing null to parameter #3 ($subject) of type array|string is deprecated in /var/www/html/wp/wp-includes/kses.php on line 1805
[20-Jul-2024 03:32:52 UTC] PHP Deprecated:  preg_replace(): Passing null to parameter #3 ($subject) of type array|string is deprecated in /var/www/html/wp/wp-includes/kses.php on line 1805
[20-Jul-2024 03:32:52 UTC] PHP Deprecated:  preg_replace(): Passing null to parameter #3 ($subject) of type array|string is deprecated in /var/www/html/wp/wp-includes/kses.php on line 1805
[20-Jul-2024 03:32:52 UTC] PHP Deprecated:  preg_replace(): Passing null to parameter #3 ($subject) of type array|string is deprecated in /var/www/html/wp/wp-includes/kses.php on line 1805
[20-Jul-2024 03:32:52 UTC] PHP Deprecated:  preg_replace(): Passing null to parameter #3 ($subject) of type array|string is deprecated in /var/www/html/wp/wp-includes/kses.php on line 1805
[20-Jul-2024 03:32:52 UTC] PHP Deprecated:  preg_replace(): Passing null to parameter #3 ($subject) of type array|string is deprecated in /var/www/html/wp/wp-includes/kses.php on line 1805
[20-Jul-2024 03:32:52 UTC] PHP Deprecated:  preg_replace(): Passing null to parameter #3 ($subject) of type array|string is deprecated in /var/www/html/wp/wp-includes/kses.php on line 1805
[20-Jul-2024 03:32:52 UTC] PHP Deprecated:  preg_replace(): Passing null to parameter #3 ($subject) of type array|string is deprecated in /var/www/html/wp/wp-includes/kses.php on line 1805
[20-Jul-2024 03:32:52 UTC] PHP Deprecated:  preg_replace(): Passing null to parameter #3 ($subject) of type array|string is deprecated in /var/www/html/wp/wp-includes/kses.php on line 1805
[20-Jul-2024 03:33:12 UTC] PHP Notice:  Function add_submenu_page was called <strong>incorrectly</strong>. The seventh parameter passed to <code>add_submenu_page()</code> should be numeric representing menu position. Please see <a href="https://developer.wordpress.org/advanced-administration/debug/debug-wordpress/">Debugging in WordPress</a> for more information. (This message was added in version 5.3.0.) in /var/www/html/wp/wp-includes/functions.php on line 6085
[20-Jul-2024 03:33:12 UTC] PHP Notice:  Function add_submenu_page was called <strong>incorrectly</strong>. The seventh parameter passed to <code>add_submenu_page()</code> should be numeric representing menu position. Please see <a href="https://developer.wordpress.org/advanced-administration/debug/debug-wordpress/">Debugging in WordPress</a> for more information. (This message was added in version 5.3.0.) in /var/www/html/wp/wp-includes/functions.php on line 6085
[20-Jul-2024 03:33:12 UTC] PHP Deprecated:  preg_replace(): Passing null to parameter #3 ($subject) of type array|string is deprecated in /var/www/html/wp/wp-includes/kses.php on line 1805
[20-Jul-2024 03:33:12 UTC] PHP Deprecated:  preg_replace(): Passing null to parameter #3 ($subject) of type array|string is deprecated in /var/www/html/wp/wp-includes/kses.php on line 1805
[20-Jul-2024 03:33:12 UTC] PHP Deprecated:  preg_replace(): Passing null to parameter #3 ($subject) of type array|string is deprecated in /var/www/html/wp/wp-includes/kses.php on line 1805
[20-Jul-2024 03:33:12 UTC] PHP Deprecated:  preg_replace(): Passing null to parameter #3 ($subject) of type array|string is deprecated in /var/www/html/wp/wp-includes/kses.php on line 1805
[20-Jul-2024 03:33:12 UTC] PHP Deprecated:  preg_replace(): Passing null to parameter #3 ($subject) of type array|string is deprecated in /var/www/html/wp/wp-includes/kses.php on line 1805
[20-Jul-2024 03:33:12 UTC] PHP Deprecated:  preg_replace(): Passing null to parameter #3 ($subject) of type array|string is deprecated in /var/www/html/wp/wp-includes/kses.php on line 1805
[20-Jul-2024 03:33:12 UTC] PHP Deprecated:  preg_replace(): Passing null to parameter #3 ($subject) of type array|string is deprecated in /var/www/html/wp/wp-includes/kses.php on line 1805
[20-Jul-2024 03:33:12 UTC] PHP Deprecated:  preg_replace(): Passing null to parameter #3 ($subject) of type array|string is deprecated in /var/www/html/wp/wp-includes/kses.php on line 1805
[20-Jul-2024 03:33:12 UTC] PHP Deprecated:  preg_replace(): Passing null to parameter #3 ($subject) of type array|string is deprecated in /var/www/html/wp/wp-includes/kses.php on line 1805
[20-Jul-2024 03:33:12 UTC] PHP Deprecated:  preg_replace(): Passing null to parameter #3 ($subject) of type array|string is deprecated in /var/www/html/wp/wp-includes/kses.php on line 1805
[20-Jul-2024 03:33:12 UTC] PHP Deprecated:  preg_replace(): Passing null to parameter #3 ($subject) of type array|string is deprecated in /var/www/html/wp/wp-includes/kses.php on line 1805
[20-Jul-2024 03:33:12 UTC] PHP Deprecated:  preg_replace(): Passing null to parameter #3 ($subject) of type array|string is deprecated in /var/www/html/wp/wp-includes/kses.php on line 1805
